<?xml version="1.0" encoding="UTF-8"?>
<!-- Generated by org.testng.reporters.JUnitXMLReporter -->
<testsuite hostname="Hasee-PC" name="sequential" tests="3" failures="1" timestamp="2 Oct 2017 14:47:52 GMT" time="178.583" errors="0">
  <testcase name="createLead" time="31.473" classname="wrappers.CreateLead"/>
  <testcase name="createLead" time="24.979" classname="wrappers.CreateLead"/>
  <testcase name="Edit" time="66.551" classname="wrappers.EditLead">
    <failure type="java.lang.NullPointerException">
      <![CDATA[java.lang.NullPointerException
	at wrappers.PractiseWrapper.clickByLink(PractiseWrapper.java:325)
	at wrappers.EditLead.Edit(EditLead.java:32)
... Removed 27 stack frames]]>
    </failure>
  </testcase> <!-- Edit -->
</testsuite> <!-- sequential -->
