<?xml version="1.0" encoding="UTF-8"?>
<testng-results skipped="0" failed="0" total="1" passed="1">
  <reporter-output>
  </reporter-output>
  <suite name="Suite" duration-ms="41120" started-at="2017-10-02T15:14:29Z" finished-at="2017-10-02T15:15:11Z">
    <groups>
    </groups>
    <test name="Test" duration-ms="41120" started-at="2017-10-02T15:14:29Z" finished-at="2017-10-02T15:15:11Z">
      <class name="week123.CreateLead1">
        <test-method status="PASS" signature="createLead()[pri:0, instance:week123.CreateLead1@146e1f4]" name="createLead" duration-ms="41100" started-at="2017-10-02T20:44:29Z" finished-at="2017-10-02T20:45:11Z">
          <reporter-output>
          </reporter-output>
        </test-method> <!-- createLead -->
      </class> <!-- week123.CreateLead1 -->
    </test> <!-- Test -->
  </suite> <!-- Suite -->
</testng-results>
